Start testing: May 11 20:17 PDT
----------------------------------------------------------
15/166 Testing: t_strm_reassem_cap
15/166 Test: t_strm_reassem_cap
Command: "/home/zyy/CS144lab/build/tests/fsm_stream_reassembler_cap"
Directory: /home/zyy/CS144lab/build
"t_strm_reassem_cap" start time: May 11 20:17 PDT
Output:
----------------------------------------------------------
<end of output>
Test time =   0.00 sec
----------------------------------------------------------
Test Passed.
"t_strm_reassem_cap" end time: May 11 20:17 PDT
"t_strm_reassem_cap" time elapsed: 00:00:00
----------------------------------------------------------

16/166 Testing: t_strm_reassem_single
16/166 Test: t_strm_reassem_single
Command: "/home/zyy/CS144lab/build/tests/fsm_stream_reassembler_single"
Directory: /home/zyy/CS144lab/build
"t_strm_reassem_single" start time: May 11 20:17 PDT
Output:
----------------------------------------------------------
<end of output>
Test time =   0.00 sec
----------------------------------------------------------
Test Passed.
"t_strm_reassem_single" end time: May 11 20:17 PDT
"t_strm_reassem_single" time elapsed: 00:00:00
----------------------------------------------------------

17/166 Testing: t_strm_reassem_seq
17/166 Test: t_strm_reassem_seq
Command: "/home/zyy/CS144lab/build/tests/fsm_stream_reassembler_seq"
Directory: /home/zyy/CS144lab/build
"t_strm_reassem_seq" start time: May 11 20:17 PDT
Output:
----------------------------------------------------------
<end of output>
Test time =   0.00 sec
----------------------------------------------------------
Test Passed.
"t_strm_reassem_seq" end time: May 11 20:17 PDT
"t_strm_reassem_seq" time elapsed: 00:00:00
----------------------------------------------------------

18/166 Testing: t_strm_reassem_dup
18/166 Test: t_strm_reassem_dup
Command: "/home/zyy/CS144lab/build/tests/fsm_stream_reassembler_dup"
Directory: /home/zyy/CS144lab/build
"t_strm_reassem_dup" start time: May 11 20:17 PDT
Output:
----------------------------------------------------------
<end of output>
Test time =   0.00 sec
----------------------------------------------------------
Test Passed.
"t_strm_reassem_dup" end time: May 11 20:17 PDT
"t_strm_reassem_dup" time elapsed: 00:00:00
----------------------------------------------------------

19/166 Testing: t_strm_reassem_holes
19/166 Test: t_strm_reassem_holes
Command: "/home/zyy/CS144lab/build/tests/fsm_stream_reassembler_holes"
Directory: /home/zyy/CS144lab/build
"t_strm_reassem_holes" start time: May 11 20:17 PDT
Output:
----------------------------------------------------------
<end of output>
Test time =   0.00 sec
----------------------------------------------------------
Test Passed.
"t_strm_reassem_holes" end time: May 11 20:17 PDT
"t_strm_reassem_holes" time elapsed: 00:00:00
----------------------------------------------------------

20/166 Testing: t_strm_reassem_many
20/166 Test: t_strm_reassem_many
Command: "/home/zyy/CS144lab/build/tests/fsm_stream_reassembler_many"
Directory: /home/zyy/CS144lab/build
"t_strm_reassem_many" start time: May 11 20:17 PDT
Output:
----------------------------------------------------------
<end of output>
Test time =   0.06 sec
----------------------------------------------------------
Test Passed.
"t_strm_reassem_many" end time: May 11 20:17 PDT
"t_strm_reassem_many" time elapsed: 00:00:00
----------------------------------------------------------

21/166 Testing: t_strm_reassem_overlapping
21/166 Test: t_strm_reassem_overlapping
Command: "/home/zyy/CS144lab/build/tests/fsm_stream_reassembler_overlapping"
Directory: /home/zyy/CS144lab/build
"t_strm_reassem_overlapping" start time: May 11 20:17 PDT
Output:
----------------------------------------------------------
<end of output>
Test time =   0.00 sec
----------------------------------------------------------
Test Passed.
"t_strm_reassem_overlapping" end time: May 11 20:17 PDT
"t_strm_reassem_overlapping" time elapsed: 00:00:00
----------------------------------------------------------

22/166 Testing: t_strm_reassem_win
22/166 Test: t_strm_reassem_win
Command: "/home/zyy/CS144lab/build/tests/fsm_stream_reassembler_win"
Directory: /home/zyy/CS144lab/build
"t_strm_reassem_win" start time: May 11 20:17 PDT
Output:
----------------------------------------------------------
<end of output>
Test time =   0.06 sec
----------------------------------------------------------
Test Passed.
"t_strm_reassem_win" end time: May 11 20:17 PDT
"t_strm_reassem_win" time elapsed: 00:00:00
----------------------------------------------------------

23/166 Testing: t_byte_stream_construction
23/166 Test: t_byte_stream_construction
Command: "/home/zyy/CS144lab/build/tests/byte_stream_construction"
Directory: /home/zyy/CS144lab/build
"t_byte_stream_construction" start time: May 11 20:17 PDT
Output:
----------------------------------------------------------
<end of output>
Test time =   0.00 sec
----------------------------------------------------------
Test Passed.
"t_byte_stream_construction" end time: May 11 20:17 PDT
"t_byte_stream_construction" time elapsed: 00:00:00
----------------------------------------------------------

24/166 Testing: t_byte_stream_one_write
24/166 Test: t_byte_stream_one_write
Command: "/home/zyy/CS144lab/build/tests/byte_stream_one_write"
Directory: /home/zyy/CS144lab/build
"t_byte_stream_one_write" start time: May 11 20:17 PDT
Output:
----------------------------------------------------------
<end of output>
Test time =   0.00 sec
----------------------------------------------------------
Test Passed.
"t_byte_stream_one_write" end time: May 11 20:17 PDT
"t_byte_stream_one_write" time elapsed: 00:00:00
----------------------------------------------------------

25/166 Testing: t_byte_stream_two_writes
25/166 Test: t_byte_stream_two_writes
Command: "/home/zyy/CS144lab/build/tests/byte_stream_two_writes"
Directory: /home/zyy/CS144lab/build
"t_byte_stream_two_writes" start time: May 11 20:17 PDT
Output:
----------------------------------------------------------
<end of output>
Test time =   0.00 sec
----------------------------------------------------------
Test Passed.
"t_byte_stream_two_writes" end time: May 11 20:17 PDT
"t_byte_stream_two_writes" time elapsed: 00:00:00
----------------------------------------------------------

26/166 Testing: t_byte_stream_capacity
26/166 Test: t_byte_stream_capacity
Command: "/home/zyy/CS144lab/build/tests/byte_stream_capacity"
Directory: /home/zyy/CS144lab/build
"t_byte_stream_capacity" start time: May 11 20:17 PDT
Output:
----------------------------------------------------------
<end of output>
Test time =   0.00 sec
----------------------------------------------------------
Test Passed.
"t_byte_stream_capacity" end time: May 11 20:17 PDT
"t_byte_stream_capacity" time elapsed: 00:00:00
----------------------------------------------------------

27/166 Testing: t_byte_stream_many_writes
27/166 Test: t_byte_stream_many_writes
Command: "/home/zyy/CS144lab/build/tests/byte_stream_many_writes"
Directory: /home/zyy/CS144lab/build
"t_byte_stream_many_writes" start time: May 11 20:17 PDT
Output:
----------------------------------------------------------
<end of output>
Test time =   0.00 sec
----------------------------------------------------------
Test Passed.
"t_byte_stream_many_writes" end time: May 11 20:17 PDT
"t_byte_stream_many_writes" time elapsed: 00:00:00
----------------------------------------------------------

28/166 Testing: t_webget
28/166 Test: t_webget
Command: "/home/zyy/CS144lab/tests/webget_t.sh"
Directory: /home/zyy/CS144lab/build
"t_webget" start time: May 11 20:17 PDT
Output:
----------------------------------------------------------
Function called: get_URL(cs144.keithw.org, /hasher/xyzzy).
Warning: get_URL() has not been implemented yet.
HTTP/1.1 200 OK
Date: Fri, 12 May 2023 03:16:42 GMT
Server: Apache
Content-Length: 44
Connection: close
Content-Type: text/plain

QWx0NhMPkoM/bJr/ohvHXlviFhOyYrYb+qqdOnwLYo4
<end of output>
Test time =   0.47 sec
----------------------------------------------------------
Test Passed.
"t_webget" end time: May 11 20:17 PDT
"t_webget" time elapsed: 00:00:00
----------------------------------------------------------

50/166 Testing: t_address_dt
50/166 Test: t_address_dt
Command: "/home/zyy/CS144lab/build/doctests/address_dt"
Directory: /home/zyy/CS144lab/build
"t_address_dt" start time: May 11 20:17 PDT
Output:
----------------------------------------------------------
<end of output>
Test time =   0.01 sec
----------------------------------------------------------
Test Passed.
"t_address_dt" end time: May 11 20:17 PDT
"t_address_dt" time elapsed: 00:00:00
----------------------------------------------------------

51/166 Testing: t_parser_dt
51/166 Test: t_parser_dt
Command: "/home/zyy/CS144lab/build/doctests/parser_dt"
Directory: /home/zyy/CS144lab/build
"t_parser_dt" start time: May 11 20:17 PDT
Output:
----------------------------------------------------------
<end of output>
Test time =   0.00 sec
----------------------------------------------------------
Test Passed.
"t_parser_dt" end time: May 11 20:17 PDT
"t_parser_dt" time elapsed: 00:00:00
----------------------------------------------------------

52/166 Testing: t_socket_dt
52/166 Test: t_socket_dt
Command: "/home/zyy/CS144lab/build/doctests/socket_dt"
Directory: /home/zyy/CS144lab/build
"t_socket_dt" start time: May 11 20:17 PDT
Output:
----------------------------------------------------------
<end of output>
Test time =   0.00 sec
----------------------------------------------------------
Test Passed.
"t_socket_dt" end time: May 11 20:17 PDT
"t_socket_dt" time elapsed: 00:00:00
----------------------------------------------------------

End testing: May 11 20:17 PDT
